<?xml version="1.0" encoding="UTF-8"?>
<robot generator="Robot 7.0.1 (Python 3.12.3 on win32)" generated="2024-07-06T14:19:51.844109" rpa="false" schemaversion="5">
<suite id="s1" name="Cpf" source="C:\Leonardo\testes\ci-cd_robot_jankes\projeto_robot\robot001\teste\cpf.robot">
<test id="s1-t1" name="Verificar CPF válido" line="18">
<kw name="Dado que o usuário queira gerar um CPF válido">
<kw name="Open Browser" owner="SeleniumLibrary">
<msg time="2024-07-06T14:19:52.145065" level="INFO">Opening browser 'chrome' to base url 'https://www.geradordecpf.org/'.</msg>
<arg>${url}</arg>
<arg>${browser}</arg>
<arg>options=add_experimental_option("detach",True)</arg>
<doc>Opens a new browser instance to the optional ``url``.</doc>
<status status="PASS" start="2024-07-06T14:19:52.145065" elapsed="3.100708"/>
</kw>
<kw name="Sleep" owner="BuiltIn">
<msg time="2024-07-06T14:19:56.247261" level="INFO">Slept 1 second.</msg>
<arg>1</arg>
<doc>Pauses the test executed for the given time.</doc>
<status status="PASS" start="2024-07-06T14:19:55.245773" elapsed="1.001488"/>
</kw>
<kw name="Maximize Browser Window" owner="SeleniumLibrary">
<doc>Maximizes current browser window.</doc>
<status status="PASS" start="2024-07-06T14:19:56.247261" elapsed="0.035570"/>
</kw>
<status status="PASS" start="2024-07-06T14:19:52.144058" elapsed="4.138773"/>
</kw>
<kw name="Quando acessar o site para gerar um CPF">
<kw name="Click Element" owner="SeleniumLibrary">
<msg time="2024-07-06T14:19:56.284846" level="INFO">Clicking element '//input[contains(@type,'checkbox')]'.</msg>
<arg>//input[contains(@type,'checkbox')]</arg>
<doc>Click the element identified by ``locator``.</doc>
<status status="PASS" start="2024-07-06T14:19:56.283831" elapsed="0.073609"/>
</kw>
<kw name="Wait Until Element Is Visible" owner="SeleniumLibrary">
<arg>//input[contains(@value,'Gerar CPF')]</arg>
<doc>Waits until the element ``locator`` is visible.</doc>
<status status="PASS" start="2024-07-06T14:19:56.357440" elapsed="0.022102"/>
</kw>
<kw name="Log To Console" owner="BuiltIn">
<arg>Botão encontrado.</arg>
<doc>Logs the given message to the console.</doc>
<status status="PASS" start="2024-07-06T14:19:56.379542" elapsed="0.000000"/>
</kw>
<status status="PASS" start="2024-07-06T14:19:56.283831" elapsed="0.095711"/>
</kw>
<kw name="E clicar no botão que gera o CPF">
<kw name="Wait Until Element Is Visible" owner="SeleniumLibrary">
<arg>//input[contains(@value,'Gerar CPF')]</arg>
<arg>20</arg>
<doc>Waits until the element ``locator`` is visible.</doc>
<status status="PASS" start="2024-07-06T14:19:56.381049" elapsed="0.017530"/>
</kw>
<kw name="Click Element" owner="SeleniumLibrary">
<msg time="2024-07-06T14:19:56.398579" level="INFO">Clicking element '//input[contains(@value,'Gerar CPF')]'.</msg>
<arg>//input[contains(@value,'Gerar CPF')]</arg>
<doc>Click the element identified by ``locator``.</doc>
<status status="PASS" start="2024-07-06T14:19:56.398579" elapsed="0.049968"/>
</kw>
<status status="PASS" start="2024-07-06T14:19:56.381049" elapsed="0.067498"/>
</kw>
<kw name="Então o sistema deve gerar o CPF">
<kw name="Get Value" owner="SeleniumLibrary">
<msg time="2024-07-06T14:19:56.496968" level="INFO">${cpf} = 987.652.811-44</msg>
<var>${cpf}</var>
<arg>//input[contains(@class,'form-control input-lg m-b text-center')]</arg>
<doc>Returns the value attribute of the element identified by ``locator``.</doc>
<status status="PASS" start="2024-07-06T14:19:56.448547" elapsed="0.048421"/>
</kw>
<kw name="Log To Console" owner="BuiltIn">
<arg>CPF:${cpf}</arg>
<doc>Logs the given message to the console.</doc>
<status status="PASS" start="2024-07-06T14:19:56.496968" elapsed="0.001007"/>
</kw>
<kw name="Capture Page Screenshot" owner="SeleniumLibrary">
<msg time="2024-07-06T14:19:56.627933" level="INFO" html="true">&lt;/td&gt;&lt;/tr&gt;&lt;tr&gt;&lt;td colspan="3"&gt;&lt;a href="selenium-screenshot-2.png"&gt;&lt;img src="selenium-screenshot-2.png" width="800px"&gt;&lt;/a&gt;</msg>
<doc>Takes a screenshot of the current page and embeds it into a log file.</doc>
<status status="PASS" start="2024-07-06T14:19:56.497975" elapsed="0.129958"/>
</kw>
<kw name="Sleep" owner="BuiltIn">
<msg time="2024-07-06T14:19:59.628601" level="INFO">Slept 3 seconds.</msg>
<arg>3</arg>
<doc>Pauses the test executed for the given time.</doc>
<status status="PASS" start="2024-07-06T14:19:56.627933" elapsed="3.000668"/>
</kw>
<kw name="Close Browser" owner="SeleniumLibrary">
<doc>Closes the current browser.</doc>
<status status="PASS" start="2024-07-06T14:19:59.629675" elapsed="2.279741"/>
</kw>
<status status="PASS" start="2024-07-06T14:19:56.448547" elapsed="5.460869"/>
</kw>
<status status="PASS" start="2024-07-06T14:19:52.144058" elapsed="9.767356"/>
</test>
<status status="PASS" start="2024-07-06T14:19:51.846110" elapsed="10.069416"/>
</suite>
<statistics>
<total>
<stat pass="1" fail="0" skip="0">All Tests</stat>
</total>
<tag>
</tag>
<suite>
<stat pass="1" fail="0" skip="0" id="s1" name="Cpf">Cpf</stat>
</suite>
</statistics>
<errors>
</errors>
</robot>
